Using pre-set license
Built from '2020.2/release' branch; Version is '2020.2.4f1 (becced5a802b) revision 12504301'; Using compiler version '192528614'; Build Type 'Release'
OS: 'Windows 10 Pro; OS build 19043.1586; Version 2009; 64bit' Language: 'en' Physical Memory: 16333 MB
BatchMode: 1, IsHumanControllingUs: 0, StartBugReporterOnCrash: 0, Is64bit: 1, IsPro: 0

 COMMAND LINE ARGUMENTS:
C:\Program Files\Unity\Hub\Editor\2020.2.4f1\Editor\Unity.exe
-adb2
-batchMode
-noUpm
-name
AssetImportWorker0
-projectPath
E:/JOEL/ESTUDIS/UNIVERSITAT/SISTEMES INTERACTIUS/P1
-logFile
Logs/AssetImportWorker0.log
-srvPort
57360
Successfully changed project path to: E:/JOEL/ESTUDIS/UNIVERSITAT/SISTEMES INTERACTIUS/P1
E:/JOEL/ESTUDIS/UNIVERSITAT/SISTEMES INTERACTIUS/P1
Using Asset Import Pipeline V2.
Refreshing native plugins compatible for Editor in 29.99 ms, found 0 plugins.
Preloading 0 native plugins for Editor in 0.00 ms.
Initialize engine version: 2020.2.4f1 (becced5a802b)
[Subsystems] Discovering subsystems at path C:/Program Files/Unity/Hub/Editor/2020.2.4f1/Editor/Data/Resources/UnitySubsystems
[Subsystems] Discovering subsystems at path E:/JOEL/ESTUDIS/UNIVERSITAT/SISTEMES INTERACTIUS/P1/Assets
GfxDevice: creating device client; threaded=0
Direct3D:
    Version:  Direct3D 11.0 [level 11.1]
    Renderer: NVIDIA GeForce GTX 1050 Ti (ID=0x1c82)
    Vendor:   
    VRAM:     4018 MB
    Driver:   30.0.15.1215
Initialize mono
Mono path[0] = 'C:/Program Files/Unity/Hub/Editor/2020.2.4f1/Editor/Data/Managed'
Mono path[1] = 'C:/Program Files/Unity/Hub/Editor/2020.2.4f1/Editor/Data/MonoBleedingEdge/lib/mono/unityjit'
Mono config path = 'C:/Program Files/Unity/Hub/Editor/2020.2.4f1/Editor/Data/MonoBleedingEdge/etc'
Using monoOptions --debugger-agent=transport=dt_socket,embedding=1,server=y,suspend=n,address=127.0.0.1:56140
Begin MonoManager ReloadAssembly
Registering precompiled unity dll's ...
Register platform support module: C:/Program Files/Unity/Hub/Editor/2020.2.4f1/Editor/Data/PlaybackEngines/WindowsStandaloneSupport/UnityEditor.WindowsStandalone.Extensions.dll
Registered in 0.003591 seconds.
Native extension for WindowsStandalone target not found
Refreshing native plugins compatible for Editor in 31.84 ms, found 0 plugins.
Preloading 0 native plugins for Editor in 0.00 ms.
Invoked RoslynAnalysisRunner static constructor.
RoslynAnalysisRunner will not be running.
RoslynAnalysisRunner has terminated.
Mono: successfully reloaded assembly
- Completed reload, in  1.539 seconds
Platform modules already initialized, skipping
Registering precompiled user dll's ...
Registered in 0.000697 seconds.
Begin MonoManager ReloadAssembly
Native extension for WindowsStandalone target not found
Refreshing native plugins compatible for Editor in 37.05 ms, found 0 plugins.
Preloading 0 native plugins for Editor in 0.00 ms.
Invoked RoslynAnalysisRunner static constructor.
RoslynAnalysisRunner will not be running.
RoslynAnalysisRunner has terminated.
Mono: successfully reloaded assembly
- Completed reload, in  1.558 seconds
Platform modules already initialized, skipping
========================================================================
Worker process is ready to serve import requests
Launched and connected shader compiler UnityShaderCompiler.exe after 0.07 seconds
Refreshing native plugins compatible for Editor in 0.27 ms, found 0 plugins.
Preloading 0 native plugins for Editor in 0.00 ms.
Unloading 1416 Unused Serialized files (Serialized files now loaded: 0)
System memory in use before: 69.1 MB.
System memory in use after: 69.1 MB.

Unloading 12 unused Assets to reduce memory usage. Loaded Objects now: 1860.
Total: 2.064600 ms (FindLiveObjects: 0.434500 ms CreateObjectMapping: 0.057100 ms MarkObjects: 1.480600 ms  DeleteObjects: 0.090800 ms)

========================================================================
Received Import Request.
  path: Assets/Scripts/PlayerController.cs
  artifactKey: Guid(1072fc3acb04a9447aa283819b23ef92) Importer(815301076,1909f56bfc062723c751e8b465ee728b)
Start importing Assets/Scripts/PlayerController.cs using Guid(1072fc3acb04a9447aa283819b23ef92) Importer(815301076,1909f56bfc062723c751e8b465ee728b)  -> (artifact id: 'fdffa12c968361a4cea84e9bf19b3cd0') in 0.083035 seconds
  Import took 0.085623 seconds .

========================================================================
Received Prepare
Registering precompiled user dll's ...
Registered in 0.000815 seconds.
Begin MonoManager ReloadAssembly
Native extension for WindowsStandalone target not found
Refreshing native plugins compatible for Editor in 0.26 ms, found 0 plugins.
Preloading 0 native plugins for Editor in 0.00 ms.
Invoked RoslynAnalysisRunner static constructor.
RoslynAnalysisRunner will not be running.
RoslynAnalysisRunner has terminated.
Mono: successfully reloaded assembly
- Completed reload, in  0.975 seconds
Platform modules already initialized, skipping
Refreshing native plugins compatible for Editor in 0.26 ms, found 0 plugins.
Preloading 0 native plugins for Editor in 0.00 ms.
Unloading 1398 Unused Serialized files (Serialized files now loaded: 0)
System memory in use before: 68.1 MB.
System memory in use after: 68.2 MB.

Unloading 5 unused Assets to reduce memory usage. Loaded Objects now: 1862.
Total: 2.035400 ms (FindLiveObjects: 0.170900 ms CreateObjectMapping: 0.047400 ms MarkObjects: 1.716000 ms  DeleteObjects: 0.099900 ms)

========================================================================
Received Import Request.
  Time since last request: 40.402636 seconds.
  path: Assets/Scripts/PlayerController.cs
  artifactKey: Guid(1072fc3acb04a9447aa283819b23ef92) Importer(815301076,1909f56bfc062723c751e8b465ee728b)
Start importing Assets/Scripts/PlayerController.cs using Guid(1072fc3acb04a9447aa283819b23ef92) Importer(815301076,1909f56bfc062723c751e8b465ee728b)  -> (artifact id: 'b7a6768b69432c0510d196a6b2268111') in 0.004060 seconds
  Import took 0.006572 seconds .

========================================================================
Received Import Request.
  Time since last request: 287.879640 seconds.
  path: Assets/Materials/PickUp.mat
  artifactKey: Guid(c70cdef042feaae4ba9f6b4e84c7271b) Importer(815301076,1909f56bfc062723c751e8b465ee728b)
Start importing Assets/Materials/PickUp.mat using Guid(c70cdef042feaae4ba9f6b4e84c7271b) Importer(815301076,1909f56bfc062723c751e8b465ee728b)  -> (artifact id: '5897c68e3cd190b5d3bb89d23b041e7d') in 0.187257 seconds
  Import took 0.190475 seconds .

========================================================================
Received Prepare
Registering precompiled user dll's ...
Registered in 0.001267 seconds.
Begin MonoManager ReloadAssembly
Native extension for WindowsStandalone target not found
Refreshing native plugins compatible for Editor in 0.25 ms, found 0 plugins.
Preloading 0 native plugins for Editor in 0.00 ms.
Invoked RoslynAnalysisRunner static constructor.
RoslynAnalysisRunner will not be running.
RoslynAnalysisRunner has terminated.
Mono: successfully reloaded assembly
- Completed reload, in  0.908 seconds
Platform modules already initialized, skipping
Refreshing native plugins compatible for Editor in 0.25 ms, found 0 plugins.
Preloading 0 native plugins for Editor in 0.00 ms.
Unloading 1398 Unused Serialized files (Serialized files now loaded: 0)
System memory in use before: 71.5 MB.
System memory in use after: 71.6 MB.

Unloading 5 unused Assets to reduce memory usage. Loaded Objects now: 1904.
Total: 2.028900 ms (FindLiveObjects: 0.197400 ms CreateObjectMapping: 0.061800 ms MarkObjects: 1.701300 ms  DeleteObjects: 0.066700 ms)

========================================================================
Received Import Request.
  Time since last request: 247.923261 seconds.
  path: Assets/Prefabs/Trabuco_Low.obj
  artifactKey: Guid(749dca9f1bd48e348a4803c76d2face0) Importer(815301076,1909f56bfc062723c751e8b465ee728b)
Start importing Assets/Prefabs/Trabuco_Low.obj using Guid(749dca9f1bd48e348a4803c76d2face0) Importer(815301076,1909f56bfc062723c751e8b465ee728b)  -> (artifact id: '21c72ce0c0ea0323fa2c1d3376a36a12') in 0.215522 seconds
  Import took 0.218785 seconds .

========================================================================
Received Prepare
Registering precompiled user dll's ...
Registered in 0.000742 seconds.
Begin MonoManager ReloadAssembly
Native extension for WindowsStandalone target not found
Refreshing native plugins compatible for Editor in 0.27 ms, found 0 plugins.
Preloading 0 native plugins for Editor in 0.00 ms.
Invoked RoslynAnalysisRunner static constructor.
RoslynAnalysisRunner will not be running.
RoslynAnalysisRunner has terminated.
Mono: successfully reloaded assembly
- Completed reload, in  0.986 seconds
Platform modules already initialized, skipping
Refreshing native plugins compatible for Editor in 0.26 ms, found 0 plugins.
Preloading 0 native plugins for Editor in 0.00 ms.
Unloading 1398 Unused Serialized files (Serialized files now loaded: 0)
System memory in use before: 71.8 MB.
System memory in use after: 71.8 MB.

Unloading 5 unused Assets to reduce memory usage. Loaded Objects now: 1910.
Total: 2.020300 ms (FindLiveObjects: 0.175000 ms CreateObjectMapping: 0.054200 ms MarkObjects: 1.631100 ms  DeleteObjects: 0.158300 ms)

========================================================================
Received Import Request.
  Time since last request: 268.763443 seconds.
  path: Assets/Materials/Gun.mat
  artifactKey: Guid(299ce32931d63f445a0fcf9c1127a3e0) Importer(815301076,1909f56bfc062723c751e8b465ee728b)
Start importing Assets/Materials/Gun.mat using Guid(299ce32931d63f445a0fcf9c1127a3e0) Importer(815301076,1909f56bfc062723c751e8b465ee728b)  -> (artifact id: '00664b74536ed7683990c0b12f4dbd40') in 0.066328 seconds
  Import took 0.069451 seconds .

========================================================================
Received Prepare
Registering precompiled user dll's ...
Registered in 0.000645 seconds.
Begin MonoManager ReloadAssembly
Native extension for WindowsStandalone target not found
Refreshing native plugins compatible for Editor in 0.25 ms, found 0 plugins.
Preloading 0 native plugins for Editor in 0.00 ms.
Invoked RoslynAnalysisRunner static constructor.
RoslynAnalysisRunner will not be running.
RoslynAnalysisRunner has terminated.
Mono: successfully reloaded assembly
- Completed reload, in  1.054 seconds
Platform modules already initialized, skipping
Refreshing native plugins compatible for Editor in 0.28 ms, found 0 plugins.
Preloading 0 native plugins for Editor in 0.00 ms.
Unloading 1398 Unused Serialized files (Serialized files now loaded: 0)
System memory in use before: 71.8 MB.
System memory in use after: 71.9 MB.

Unloading 5 unused Assets to reduce memory usage. Loaded Objects now: 1913.
Total: 2.071300 ms (FindLiveObjects: 0.153000 ms CreateObjectMapping: 0.045800 ms MarkObjects: 1.815900 ms  DeleteObjects: 0.054600 ms)

========================================================================
Received Import Request.
  Time since last request: 154.101706 seconds.
  path: Assets/Materials/download.jpg
  artifactKey: Guid(8f8f571abdbe1e4479facf01b033ca93) Importer(815301076,1909f56bfc062723c751e8b465ee728b)
Start importing Assets/Materials/download.jpg using Guid(8f8f571abdbe1e4479facf01b033ca93) Importer(815301076,1909f56bfc062723c751e8b465ee728b)  -> (artifact id: '04f8dfcb9d6b8e043a4bd44f9b601843') in 0.050535 seconds
  Import took 0.053430 seconds .

========================================================================
Received Import Request.
  Time since last request: 16.391515 seconds.
  path: Assets/Materials/New Material.mat
  artifactKey: Guid(e64a34aef49e0024fba06b8377e47afa) Importer(815301076,1909f56bfc062723c751e8b465ee728b)
Start importing Assets/Materials/New Material.mat using Guid(e64a34aef49e0024fba06b8377e47afa) Importer(815301076,1909f56bfc062723c751e8b465ee728b)  -> (artifact id: '08fe516f5260ce0767bdada83559ac38') in 0.042575 seconds
  Import took 0.045295 seconds .

========================================================================
Received Prepare
Registering precompiled user dll's ...
Registered in 0.000725 seconds.
Begin MonoManager ReloadAssembly
Native extension for WindowsStandalone target not found
Refreshing native plugins compatible for Editor in 0.25 ms, found 0 plugins.
Preloading 0 native plugins for Editor in 0.00 ms.
Invoked RoslynAnalysisRunner static constructor.
RoslynAnalysisRunner will not be running.
RoslynAnalysisRunner has terminated.
Mono: successfully reloaded assembly
- Completed reload, in  0.948 seconds
Platform modules already initialized, skipping
Refreshing native plugins compatible for Editor in 0.31 ms, found 0 plugins.
Preloading 0 native plugins for Editor in 0.00 ms.
Unloading 1398 Unused Serialized files (Serialized files now loaded: 0)
System memory in use before: 71.8 MB.
System memory in use after: 71.9 MB.

Unloading 5 unused Assets to reduce memory usage. Loaded Objects now: 1917.
Total: 2.598100 ms (FindLiveObjects: 0.393800 ms CreateObjectMapping: 0.155800 ms MarkObjects: 1.921700 ms  DeleteObjects: 0.125500 ms)

========================================================================
Received Import Request.
  Time since last request: 128.138671 seconds.
  path: Assets/Materials/download.jpg
  artifactKey: Guid(8f8f571abdbe1e4479facf01b033ca93) Importer(815301076,1909f56bfc062723c751e8b465ee728b)
Start importing Assets/Materials/download.jpg using Guid(8f8f571abdbe1e4479facf01b033ca93) Importer(815301076,1909f56bfc062723c751e8b465ee728b)  -> (artifact id: '568bcb4e62618b100beeb6851c547d58') in 0.037385 seconds
  Import took 0.040249 seconds .

========================================================================
Received Prepare
Registering precompiled user dll's ...
Registered in 0.000776 seconds.
Begin MonoManager ReloadAssembly
Native extension for WindowsStandalone target not found
Refreshing native plugins compatible for Editor in 0.27 ms, found 0 plugins.
Preloading 0 native plugins for Editor in 0.00 ms.
Invoked RoslynAnalysisRunner static constructor.
RoslynAnalysisRunner will not be running.
RoslynAnalysisRunner has terminated.
Mono: successfully reloaded assembly
- Completed reload, in  1.008 seconds
Platform modules already initialized, skipping
Refreshing native plugins compatible for Editor in 0.30 ms, found 0 plugins.
Preloading 0 native plugins for Editor in 0.00 ms.
Unloading 1398 Unused Serialized files (Serialized files now loaded: 0)
System memory in use before: 71.8 MB.
System memory in use after: 71.9 MB.

Unloading 5 unused Assets to reduce memory usage. Loaded Objects now: 1919.
Total: 1.861000 ms (FindLiveObjects: 0.189100 ms CreateObjectMapping: 0.058200 ms MarkObjects: 1.550200 ms  DeleteObjects: 0.062200 ms)

========================================================================
Received Import Request.
  Time since last request: 78.994633 seconds.
  path: Assets/Materials/Gun.mat
  artifactKey: Guid(299ce32931d63f445a0fcf9c1127a3e0) Importer(815301076,1909f56bfc062723c751e8b465ee728b)
Start importing Assets/Materials/Gun.mat using Guid(299ce32931d63f445a0fcf9c1127a3e0) Importer(815301076,1909f56bfc062723c751e8b465ee728b)  -> (artifact id: 'b66f041486db17e43f12a707688c3973') in 0.065554 seconds
  Import took 0.067954 seconds .

========================================================================
Received Import Request.
  Time since last request: 0.000359 seconds.
  path: Assets/Materials/Player.mat
  artifactKey: Guid(488dea455d27e134a8982bb413ea9cd8) Importer(815301076,1909f56bfc062723c751e8b465ee728b)
Start importing Assets/Materials/Player.mat using Guid(488dea455d27e134a8982bb413ea9cd8) Importer(815301076,1909f56bfc062723c751e8b465ee728b)  -> (artifact id: 'c2ffd2fe94212bdc581d5bb63eea0808') in 0.010832 seconds
  Import took 0.013864 seconds .

========================================================================
Received Prepare
Refreshing native plugins compatible for Editor in 0.64 ms, found 0 plugins.
Preloading 0 native plugins for Editor in 0.00 ms.
Unloading 3 Unused Serialized files (Serialized files now loaded: 0)
System memory in use before: 44.2 MB.
System memory in use after: 44.3 MB.

Unloading 3 unused Assets to reduce memory usage. Loaded Objects now: 1920.
Total: 3.003900 ms (FindLiveObjects: 0.186700 ms CreateObjectMapping: 0.052100 ms MarkObjects: 2.683400 ms  DeleteObjects: 0.080600 ms)

AssetImportWorkerClient::OnTransportError - code=2 error=End of file
